<?xml version="1.0" encoding="UTF-8"?>
<!-- Generated by org.testng.reporters.JUnitXMLReporter -->
<testsuite hostname="Jignesh" ignored="20" name="cljTestChrome" tests="23" failures="0" timestamp="16 Mar 2018 23:42:51 GMT" time="789.773" errors="0">
  <testcase name="a_DirectLogin" time="56.152" classname="cljCheck.AllLoginsAndMyProfile"/>
  <testcase name="b_FacebookLogin" time="37.711" classname="cljCheck.AllLoginsAndMyProfile"/>
  <testcase name="MostShared_UK_HomePage" time="41.003" classname="cljCheck.MostShared"/>
  <testcase name="MostShared_US_HomePage" time="39.82" classname="cljCheck.MostShared"/>
  <testcase name="Search" time="31.164" classname="cljCheck.SearchPage"/>
  <testcase name="PreNextControls" time="21.341" classname="cljCheck.PreNextCtr"/>
  <testcase name="RelatedArticles" time="39.191" classname="cljCheck.RelatedArticle"/>
  <testcase name="a_TopicPageHeading" time="11.444" classname="cljCheck.TopicPage"/>
  <testcase name="b_TopicModules" time="7.768" classname="cljCheck.TopicPage"/>
  <testcase name="c_TopicIndex" time="12.6" classname="cljCheck.TopicPage"/>
  <testcase name="d_Test5" time="21.367" classname="cljCheck.TopicPage"/>
  <testcase name="e_Test6" time="21.699" classname="cljCheck.TopicPage"/>
  <testcase name="f_topic_names" time="47.167" classname="cljCheck.TopicPage"/>
  <testcase name="g_DontMiss" time="43.527" classname="cljCheck.TopicPage"/>
  <testcase name="h_WeathreTest" time="8.62" classname="cljCheck.TopicPage"/>
  <testcase name="a_FacebookLike_TopLeft_HomePage" time="15.541" classname="cljCheck.SocialShare"/>
  <testcase name="c_SocialShare_UnderSearch_HomePage" time="65.351" classname="cljCheck.SocialShare"/>
  <testcase name="d_SocialShare_underSearch_Article" time="73.128" classname="cljCheck.SocialShare"/>
  <testcase name="e_SocialShare_Top_Article" time="50.299" classname="cljCheck.SocialShare"/>
  <testcase name="f_SocialShare_Bottom_Article" time="50.954" classname="cljCheck.SocialShare"/>
  <testcase name="g_FB_Icon_FlyOut_onArticle" time="20.227" classname="cljCheck.SocialShare"/>
  <testcase name="h_FB_Icon_on_RelatedAtrticle" time="16.359" classname="cljCheck.SocialShare"/>
  <testcase name="i_SocialShareOn_Comments" time="49.701" classname="cljCheck.SocialShare"/>
  <testcase name="@BeforeTest setup" time="0.0" classname="browsers.BeforeAfter">
    <ignored/>
  </testcase> <!-- @BeforeTest setup -->
  <testcase name="@BeforeTest setup" time="0.0" classname="browsers.BeforeAfter">
    <ignored/>
  </testcase> <!-- @BeforeTest setup -->
  <testcase name="@BeforeTest setup" time="0.0" classname="browsers.BeforeAfter">
    <ignored/>
  </testcase> <!-- @BeforeTest setup -->
  <testcase name="@BeforeTest setup" time="0.0" classname="browsers.BeforeAfter">
    <ignored/>
  </testcase> <!-- @BeforeTest setup -->
  <testcase name="@BeforeTest setup" time="0.0" classname="browsers.BeforeAfter">
    <ignored/>
  </testcase> <!-- @BeforeTest setup -->
  <testcase name="@BeforeTest setup" time="0.0" classname="browsers.BeforeAfter">
    <ignored/>
  </testcase> <!-- @BeforeTest setup -->
  <testcase name="b_SocialShareArticlePreview" time="0.0" classname="cljCheck.SocialShare">
    <ignored/>
  </testcase> <!-- b_SocialShareArticlePreview -->
  <testcase name="@AfterTest after" time="0.0" classname="browsers.BeforeAfter">
    <ignored/>
  </testcase> <!-- @AfterTest after -->
  <testcase name="@AfterTest after" time="0.0" classname="browsers.BeforeAfter">
    <ignored/>
  </testcase> <!-- @AfterTest after -->
  <testcase name="@AfterTest after" time="0.0" classname="browsers.BeforeAfter">
    <ignored/>
  </testcase> <!-- @AfterTest after -->
  <testcase name="@AfterTest after" time="0.0" classname="browsers.BeforeAfter">
    <ignored/>
  </testcase> <!-- @AfterTest after -->
  <testcase name="@AfterTest after" time="0.0" classname="browsers.BeforeAfter">
    <ignored/>
  </testcase> <!-- @AfterTest after -->
  <testcase name="@AfterTest after" time="0.0" classname="browsers.BeforeAfter">
    <ignored/>
  </testcase> <!-- @AfterTest after -->
  <testcase name="c_TwitterLogin" time="0.0" classname="cljCheck.AllLoginsAndMyProfile">
    <ignored/>
  </testcase> <!-- c_TwitterLogin -->
  <testcase name="@BeforeSuite beforeSuite" time="0.0" classname="browsers.BeforeAfter">
    <ignored/>
  </testcase> <!-- @BeforeSuite beforeSuite -->
  <testcase name="@BeforeSuite beforeSuite" time="0.0" classname="browsers.BeforeAfter">
    <ignored/>
  </testcase> <!-- @BeforeSuite beforeSuite -->
  <testcase name="@BeforeSuite beforeSuite" time="0.0" classname="browsers.BeforeAfter">
    <ignored/>
  </testcase> <!-- @BeforeSuite beforeSuite -->
  <testcase name="@BeforeSuite beforeSuite" time="0.0" classname="browsers.BeforeAfter">
    <ignored/>
  </testcase> <!-- @BeforeSuite beforeSuite -->
  <testcase name="@BeforeSuite beforeSuite" time="0.0" classname="browsers.BeforeAfter">
    <ignored/>
  </testcase> <!-- @BeforeSuite beforeSuite -->
  <testcase name="@BeforeSuite beforeSuite" time="0.0" classname="browsers.BeforeAfter">
    <ignored/>
  </testcase> <!-- @BeforeSuite beforeSuite -->
</testsuite> <!-- cljTestChrome -->
